<?xml version="1.0" encoding="UTF-8"?>
<testsuite name="com.example.darkmattersimulator.DarkMatterSimulatorApplicationTests" tests="1" skipped="0" failures="0" errors="0" timestamp="2026-02-14T02:39:44.379Z" hostname="Devans-MacBook-Pro.local" time="1.174">
  <properties/>
  <testcase name="contextLoads()" classname="com.example.darkmattersimulator.DarkMatterSimulatorApplicationTests" time="0.391"/>
  <system-out><![CDATA[21:39:44.452 [Test worker] INFO org.springframework.test.context.support.AnnotationConfigContextLoaderUtils -- Could not detect default configuration classes for test class [com.example.darkmattersimulator.DarkMatterSimulatorApplicationTests]: DarkMatterSimulatorApplicationTests does not declare any static, non-private, non-final, nested classes annotated with @Configuration.
21:39:44.509 [Test worker] INFO org.springframework.boot.test.context.SpringBootTestContextBootstrapper -- Found @SpringBootConfiguration com.example.darkmattersimulator.DarkMatterSimulatorApplication for test class com.example.darkmattersimulator.DarkMatterSimulatorApplicationTests

  .   ____          _            __ _ _
 /\\ / ___'_ __ _ _(_)_ __  __ _ \ \ \ \
( ( )\___ | '_ | '_| | '_ \/ _` | \ \ \ \
 \\/  ___)| |_)| | | | | || (_| |  ) ) ) )
  '  |____| .__|_| |_|_| |_\__, | / / / /
 =========|_|==============|___/=/_/_/_/

 :: Spring Boot ::                (v4.0.2)

2026-02-13T21:39:44.674-05:00  INFO 91258 --- [    Test worker] .e.d.DarkMatterSimulatorApplicationTests : Starting DarkMatterSimulatorApplicationTests using Java 25.0.2 with PID 91258 (started by devanlooches in /Users/devanlooches/Documents/Workspace/DarkMatterSimulator)
2026-02-13T21:39:44.675-05:00  INFO 91258 --- [    Test worker] .e.d.DarkMatterSimulatorApplicationTests : No active profile set, falling back to 1 default profile: "default"
2026-02-13T21:39:45.157-05:00  INFO 91258 --- [    Test worker] .e.d.DarkMatterSimulatorApplicationTests : Started DarkMatterSimulatorApplicationTests in 0.58 seconds (process running for 1.172)
]]></system-out>
  <system-err><![CDATA[Mockito is currently self-attaching to enable the inline-mock-maker. This will no longer work in future releases of the JDK. Please add Mockito as an agent to your build as described in Mockito's documentation: https://javadoc.io/doc/org.mockito/mockito-core/latest/org.mockito/org/mockito/Mockito.html#0.3
WARNING: A Java agent has been loaded dynamically (/Users/devanlooches/.gradle/caches/modules-2/files-2.1/net.bytebuddy/byte-buddy-agent/1.17.8/f09415827a71be7ed621c7bd02550678f28bc81c/byte-buddy-agent-1.17.8.jar)
WARNING: If a serviceability tool is in use, please run with -XX:+EnableDynamicAgentLoading to hide this warning
WARNING: If a serviceability tool is not in use, please run with -Djdk.instrument.traceUsage for more information
WARNING: Dynamic loading of agents will be disallowed by default in a future release
]]></system-err>
</testsuite>
